<?xml version="1.0" encoding="UTF-8"?>
<testsuite xmlns:xsi="http://www.w3.org/2001/XMLSchema-instance" xsi:noNamespaceSchemaLocation="https://maven.apache.org/surefire/maven-surefire-plugin/xsd/surefire-test-report.xsd" name="com.jack.springbootdubbocontrol.SpringbootDubboControlApplicationTests" time="8.352" tests="1" errors="0" skipped="0" failures="0">
  <properties>
    <property name="sun.desktop" value="windows"/>
    <property name="awt.toolkit" value="sun.awt.windows.WToolkit"/>
    <property name="file.encoding.pkg" value="sun.io"/>
    <property name="java.specification.version" value="1.8"/>
    <property name="sun.cpu.isalist" value="amd64"/>
    <property name="sun.jnu.encoding" value="GBK"/>
    <property name="java.class.path" value="E:\springboot-dubbo\springboot-dubbo-parent\springboot-dubbo-control\target\test-classes;E:\springboot-dubbo\springboot-dubbo-parent\springboot-dubbo-control\target\classes;E:\springboot-dubbo\springboot-dubbo-parent\springboot-dubbo-core\target\springboot-dubbo-core-0.0.1-SNAPSHOT.jar;F:\MykWork\DevTool\apache-maven-3.5.4\repository\org\springframework\boot\spring-boot-starter-web\2.1.1.RELEASE\spring-boot-starter-web-2.1.1.RELEASE.jar;F:\MykWork\DevTool\apache-maven-3.5.4\repository\org\springframework\boot\spring-boot-starter\2.1.1.RELEASE\spring-boot-starter-2.1.1.RELEASE.jar;F:\MykWork\DevTool\apache-maven-3.5.4\repository\org\springframework\boot\spring-boot-starter-logging\2.1.1.RELEASE\spring-boot-starter-logging-2.1.1.RELEASE.jar;F:\MykWork\DevTool\apache-maven-3.5.4\repository\ch\qos\logback\logback-classic\1.2.3\logback-classic-1.2.3.jar;F:\MykWork\DevTool\apache-maven-3.5.4\repository\ch\qos\logback\logback-core\1.2.3\logback-core-1.2.3.jar;F:\MykWork\DevTool\apache-maven-3.5.4\repository\org\apache\logging\log4j\log4j-to-slf4j\2.11.1\log4j-to-slf4j-2.11.1.jar;F:\MykWork\DevTool\apache-maven-3.5.4\repository\org\apache\logging\log4j\log4j-api\2.11.1\log4j-api-2.11.1.jar;F:\MykWork\DevTool\apache-maven-3.5.4\repository\org\slf4j\jul-to-slf4j\1.7.25\jul-to-slf4j-1.7.25.jar;F:\MykWork\DevTool\apache-maven-3.5.4\repository\javax\annotation\javax.annotation-api\1.3.2\javax.annotation-api-1.3.2.jar;F:\MykWork\DevTool\apache-maven-3.5.4\repository\org\yaml\snakeyaml\1.23\snakeyaml-1.23.jar;F:\MykWork\DevTool\apache-maven-3.5.4\repository\org\springframework\boot\spring-boot-starter-json\2.1.1.RELEASE\spring-boot-starter-json-2.1.1.RELEASE.jar;F:\MykWork\DevTool\apache-maven-3.5.4\repository\com\fasterxml\jackson\core\jackson-databind\2.9.7\jackson-databind-2.9.7.jar;F:\MykWork\DevTool\apache-maven-3.5.4\repository\com\fasterxml\jackson\core\jackson-annotations\2.9.0\jackson-annotations-2.9.0.jar;F:\MykWork\DevTool\apache-maven-3.5.4\repository\com\fasterxml\jackson\core\jackson-core\2.9.7\jackson-core-2.9.7.jar;F:\MykWork\DevTool\apache-maven-3.5.4\repository\com\fasterxml\jackson\datatype\jackson-datatype-jdk8\2.9.7\jackson-datatype-jdk8-2.9.7.jar;F:\MykWork\DevTool\apache-maven-3.5.4\repository\com\fasterxml\jackson\datatype\jackson-datatype-jsr310\2.9.7\jackson-datatype-jsr310-2.9.7.jar;F:\MykWork\DevTool\apache-maven-3.5.4\repository\com\fasterxml\jackson\module\jackson-module-parameter-names\2.9.7\jackson-module-parameter-names-2.9.7.jar;F:\MykWork\DevTool\apache-maven-3.5.4\repository\org\springframework\boot\spring-boot-starter-tomcat\2.1.1.RELEASE\spring-boot-starter-tomcat-2.1.1.RELEASE.jar;F:\MykWork\DevTool\apache-maven-3.5.4\repository\org\apache\tomcat\embed\tomcat-embed-core\9.0.13\tomcat-embed-core-9.0.13.jar;F:\MykWork\DevTool\apache-maven-3.5.4\repository\org\apache\tomcat\embed\tomcat-embed-el\9.0.13\tomcat-embed-el-9.0.13.jar;F:\MykWork\DevTool\apache-maven-3.5.4\repository\org\apache\tomcat\embed\tomcat-embed-websocket\9.0.13\tomcat-embed-websocket-9.0.13.jar;F:\MykWork\DevTool\apache-maven-3.5.4\repository\org\hibernate\validator\hibernate-validator\6.0.13.Final\hibernate-validator-6.0.13.Final.jar;F:\MykWork\DevTool\apache-maven-3.5.4\repository\javax\validation\validation-api\2.0.1.Final\validation-api-2.0.1.Final.jar;F:\MykWork\DevTool\apache-maven-3.5.4\repository\org\jboss\logging\jboss-logging\3.3.2.Final\jboss-logging-3.3.2.Final.jar;F:\MykWork\DevTool\apache-maven-3.5.4\repository\com\fasterxml\classmate\1.4.0\classmate-1.4.0.jar;F:\MykWork\DevTool\apache-maven-3.5.4\repository\org\springframework\spring-web\5.1.3.RELEASE\spring-web-5.1.3.RELEASE.jar;F:\MykWork\DevTool\apache-maven-3.5.4\repository\org\springframework\spring-beans\5.1.3.RELEASE\spring-beans-5.1.3.RELEASE.jar;F:\MykWork\DevTool\apache-maven-3.5.4\repository\org\springframework\spring-webmvc\5.1.3.RELEASE\spring-webmvc-5.1.3.RELEASE.jar;F:\MykWork\DevTool\apache-maven-3.5.4\repository\org\springframework\spring-aop\5.1.3.RELEASE\spring-aop-5.1.3.RELEASE.jar;F:\MykWork\DevTool\apache-maven-3.5.4\repository\org\springframework\spring-context\5.1.3.RELEASE\spring-context-5.1.3.RELEASE.jar;F:\MykWork\DevTool\apache-maven-3.5.4\repository\org\springframework\spring-expression\5.1.3.RELEASE\spring-expression-5.1.3.RELEASE.jar;F:\MykWork\DevTool\apache-maven-3.5.4\repository\org\springframework\boot\spring-boot-starter-test\2.1.1.RELEASE\spring-boot-starter-test-2.1.1.RELEASE.jar;F:\MykWork\DevTool\apache-maven-3.5.4\repository\org\springframework\boot\spring-boot-test\2.1.1.RELEASE\spring-boot-test-2.1.1.RELEASE.jar;F:\MykWork\DevTool\apache-maven-3.5.4\repository\org\springframework\boot\spring-boot-test-autoconfigure\2.1.1.RELEASE\spring-boot-test-autoconfigure-2.1.1.RELEASE.jar;F:\MykWork\DevTool\apache-maven-3.5.4\repository\com\jayway\jsonpath\json-path\2.4.0\json-path-2.4.0.jar;F:\MykWork\DevTool\apache-maven-3.5.4\repository\net\minidev\json-smart\2.3\json-smart-2.3.jar;F:\MykWork\DevTool\apache-maven-3.5.4\repository\net\minidev\accessors-smart\1.2\accessors-smart-1.2.jar;F:\MykWork\DevTool\apache-maven-3.5.4\repository\org\ow2\asm\asm\5.0.4\asm-5.0.4.jar;F:\MykWork\DevTool\apache-maven-3.5.4\repository\org\slf4j\slf4j-api\1.7.25\slf4j-api-1.7.25.jar;F:\MykWork\DevTool\apache-maven-3.5.4\repository\junit\junit\4.12\junit-4.12.jar;F:\MykWork\DevTool\apache-maven-3.5.4\repository\org\assertj\assertj-core\3.11.1\assertj-core-3.11.1.jar;F:\MykWork\DevTool\apache-maven-3.5.4\repository\org\mockito\mockito-core\2.23.4\mockito-core-2.23.4.jar;F:\MykWork\DevTool\apache-maven-3.5.4\repository\net\bytebuddy\byte-buddy\1.9.5\byte-buddy-1.9.5.jar;F:\MykWork\DevTool\apache-maven-3.5.4\repository\net\bytebuddy\byte-buddy-agent\1.9.5\byte-buddy-agent-1.9.5.jar;F:\MykWork\DevTool\apache-maven-3.5.4\repository\org\objenesis\objenesis\2.6\objenesis-2.6.jar;F:\MykWork\DevTool\apache-maven-3.5.4\repository\org\hamcrest\hamcrest-core\1.3\hamcrest-core-1.3.jar;F:\MykWork\DevTool\apache-maven-3.5.4\repository\org\hamcrest\hamcrest-library\1.3\hamcrest-library-1.3.jar;F:\MykWork\DevTool\apache-maven-3.5.4\repository\org\skyscreamer\jsonassert\1.5.0\jsonassert-1.5.0.jar;F:\MykWork\DevTool\apache-maven-3.5.4\repository\com\vaadin\external\google\android-json\0.0.20131108.vaadin1\android-json-0.0.20131108.vaadin1.jar;F:\MykWork\DevTool\apache-maven-3.5.4\repository\org\springframework\spring-core\5.1.3.RELEASE\spring-core-5.1.3.RELEASE.jar;F:\MykWork\DevTool\apache-maven-3.5.4\repository\org\springframework\spring-jcl\5.1.3.RELEASE\spring-jcl-5.1.3.RELEASE.jar;F:\MykWork\DevTool\apache-maven-3.5.4\repository\org\springframework\spring-test\5.1.3.RELEASE\spring-test-5.1.3.RELEASE.jar;F:\MykWork\DevTool\apache-maven-3.5.4\repository\org\xmlunit\xmlunit-core\2.6.2\xmlunit-core-2.6.2.jar;F:\MykWork\DevTool\apache-maven-3.5.4\repository\org\springframework\boot\spring-boot-starter-data-jpa\2.1.1.RELEASE\spring-boot-starter-data-jpa-2.1.1.RELEASE.jar;F:\MykWork\DevTool\apache-maven-3.5.4\repository\org\springframework\boot\spring-boot-starter-aop\2.1.1.RELEASE\spring-boot-starter-aop-2.1.1.RELEASE.jar;F:\MykWork\DevTool\apache-maven-3.5.4\repository\org\aspectj\aspectjweaver\1.9.2\aspectjweaver-1.9.2.jar;F:\MykWork\DevTool\apache-maven-3.5.4\repository\org\springframework\boot\spring-boot-starter-jdbc\2.1.1.RELEASE\spring-boot-starter-jdbc-2.1.1.RELEASE.jar;F:\MykWork\DevTool\apache-maven-3.5.4\repository\com\zaxxer\HikariCP\3.2.0\HikariCP-3.2.0.jar;F:\MykWork\DevTool\apache-maven-3.5.4\repository\org\springframework\spring-jdbc\5.1.3.RELEASE\spring-jdbc-5.1.3.RELEASE.jar;F:\MykWork\DevTool\apache-maven-3.5.4\repository\javax\transaction\javax.transaction-api\1.3\javax.transaction-api-1.3.jar;F:\MykWork\DevTool\apache-maven-3.5.4\repository\javax\xml\bind\jaxb-api\2.3.1\jaxb-api-2.3.1.jar;F:\MykWork\DevTool\apache-maven-3.5.4\repository\javax\activation\javax.activation-api\1.2.0\javax.activation-api-1.2.0.jar;F:\MykWork\DevTool\apache-maven-3.5.4\repository\org\hibernate\hibernate-core\5.3.7.Final\hibernate-core-5.3.7.Final.jar;F:\MykWork\DevTool\apache-maven-3.5.4\repository\javax\persistence\javax.persistence-api\2.2\javax.persistence-api-2.2.jar;F:\MykWork\DevTool\apache-maven-3.5.4\repository\org\javassist\javassist\3.23.1-GA\javassist-3.23.1-GA.jar;F:\MykWork\DevTool\apache-maven-3.5.4\repository\antlr\antlr\2.7.7\antlr-2.7.7.jar;F:\MykWork\DevTool\apache-maven-3.5.4\repository\org\jboss\jandex\2.0.5.Final\jandex-2.0.5.Final.jar;F:\MykWork\DevTool\apache-maven-3.5.4\repository\org\dom4j\dom4j\2.1.1\dom4j-2.1.1.jar;F:\MykWork\DevTool\apache-maven-3.5.4\repository\org\hibernate\common\hibernate-commons-annotations\5.0.4.Final\hibernate-commons-annotations-5.0.4.Final.jar;F:\MykWork\DevTool\apache-maven-3.5.4\repository\org\springframework\data\spring-data-jpa\2.1.3.RELEASE\spring-data-jpa-2.1.3.RELEASE.jar;F:\MykWork\DevTool\apache-maven-3.5.4\repository\org\springframework\data\spring-data-commons\2.1.3.RELEASE\spring-data-commons-2.1.3.RELEASE.jar;F:\MykWork\DevTool\apache-maven-3.5.4\repository\org\springframework\spring-orm\5.1.3.RELEASE\spring-orm-5.1.3.RELEASE.jar;F:\MykWork\DevTool\apache-maven-3.5.4\repository\org\springframework\spring-tx\5.1.3.RELEASE\spring-tx-5.1.3.RELEASE.jar;F:\MykWork\DevTool\apache-maven-3.5.4\repository\org\springframework\spring-aspects\5.1.3.RELEASE\spring-aspects-5.1.3.RELEASE.jar;F:\MykWork\DevTool\apache-maven-3.5.4\repository\mysql\mysql-connector-java\8.0.13\mysql-connector-java-8.0.13.jar;F:\MykWork\DevTool\apache-maven-3.5.4\repository\org\mybatis\spring\boot\mybatis-spring-boot-starter\1.3.2\mybatis-spring-boot-starter-1.3.2.jar;F:\MykWork\DevTool\apache-maven-3.5.4\repository\org\mybatis\spring\boot\mybatis-spring-boot-autoconfigure\1.3.2\mybatis-spring-boot-autoconfigure-1.3.2.jar;F:\MykWork\DevTool\apache-maven-3.5.4\repository\org\mybatis\mybatis\3.4.6\mybatis-3.4.6.jar;F:\MykWork\DevTool\apache-maven-3.5.4\repository\org\mybatis\mybatis-spring\1.3.2\mybatis-spring-1.3.2.jar;F:\MykWork\DevTool\apache-maven-3.5.4\repository\com\github\pagehelper\pagehelper-spring-boot-starter\1.2.5\pagehelper-spring-boot-starter-1.2.5.jar;F:\MykWork\DevTool\apache-maven-3.5.4\repository\com\github\pagehelper\pagehelper-spring-boot-autoconfigure\1.2.5\pagehelper-spring-boot-autoconfigure-1.2.5.jar;F:\MykWork\DevTool\apache-maven-3.5.4\repository\com\github\pagehelper\pagehelper\5.1.4\pagehelper-5.1.4.jar;F:\MykWork\DevTool\apache-maven-3.5.4\repository\com\github\jsqlparser\jsqlparser\1.0\jsqlparser-1.0.jar;F:\MykWork\DevTool\apache-maven-3.5.4\repository\org\springframework\boot\spring-boot-devtools\2.1.1.RELEASE\spring-boot-devtools-2.1.1.RELEASE.jar;F:\MykWork\DevTool\apache-maven-3.5.4\repository\org\springframework\boot\spring-boot\2.1.1.RELEASE\spring-boot-2.1.1.RELEASE.jar;F:\MykWork\DevTool\apache-maven-3.5.4\repository\org\springframework\boot\spring-boot-autoconfigure\2.1.1.RELEASE\spring-boot-autoconfigure-2.1.1.RELEASE.jar;F:\MykWork\DevTool\apache-maven-3.5.4\repository\com\alibaba\druid\1.1.0\druid-1.1.0.jar;C:\Program Files\Java\jdk1.8.0_181\jre\..\lib\jconsole.jar;C:\Program Files\Java\jdk1.8.0_181\jre\..\lib\tools.jar;F:\MykWork\DevTool\apache-maven-3.5.4\repository\com\alibaba\boot\dubbo-spring-boot-starter\0.2.0\dubbo-spring-boot-starter-0.2.0.jar;F:\MykWork\DevTool\apache-maven-3.5.4\repository\com\alibaba\dubbo\2.6.2\dubbo-2.6.2.jar;F:\MykWork\DevTool\apache-maven-3.5.4\repository\org\jboss\netty\netty\3.2.5.Final\netty-3.2.5.Final.jar;F:\MykWork\DevTool\apache-maven-3.5.4\repository\org\apache\zookeeper\zookeeper\3.4.9\zookeeper-3.4.9.jar;F:\MykWork\DevTool\apache-maven-3.5.4\repository\jline\jline\0.9.94\jline-0.9.94.jar;F:\MykWork\DevTool\apache-maven-3.5.4\repository\io\netty\netty\3.10.5.Final\netty-3.10.5.Final.jar;F:\MykWork\DevTool\apache-maven-3.5.4\repository\org\apache\curator\curator-framework\2.12.0\curator-framework-2.12.0.jar;F:\MykWork\DevTool\apache-maven-3.5.4\repository\org\apache\curator\curator-client\2.12.0\curator-client-2.12.0.jar;F:\MykWork\DevTool\apache-maven-3.5.4\repository\com\alibaba\boot\dubbo-spring-boot-autoconfigure\0.2.0\dubbo-spring-boot-autoconfigure-0.2.0.jar;F:\MykWork\DevTool\apache-maven-3.5.4\repository\org\jsoup\jsoup\1.11.3\jsoup-1.11.3.jar;F:\MykWork\DevTool\apache-maven-3.5.4\repository\com\googlecode\juniversalchardet\juniversalchardet\1.0.3\juniversalchardet-1.0.3.jar;F:\MykWork\DevTool\apache-maven-3.5.4\repository\org\apache\httpcomponents\httpclient\4.5.6\httpclient-4.5.6.jar;F:\MykWork\DevTool\apache-maven-3.5.4\repository\org\apache\httpcomponents\httpcore\4.4.10\httpcore-4.4.10.jar;F:\MykWork\DevTool\apache-maven-3.5.4\repository\commons-codec\commons-codec\1.11\commons-codec-1.11.jar;F:\MykWork\DevTool\apache-maven-3.5.4\repository\commons-httpclient\commons-httpclient\3.1\commons-httpclient-3.1.jar;F:\MykWork\DevTool\apache-maven-3.5.4\repository\commons-logging\commons-logging\1.0.4\commons-logging-1.0.4.jar;F:\MykWork\DevTool\apache-maven-3.5.4\repository\com\google\guava\guava\23.0\guava-23.0.jar;F:\MykWork\DevTool\apache-maven-3.5.4\repository\com\google\code\findbugs\jsr305\1.3.9\jsr305-1.3.9.jar;F:\MykWork\DevTool\apache-maven-3.5.4\repository\com\google\errorprone\error_prone_annotations\2.0.18\error_prone_annotations-2.0.18.jar;F:\MykWork\DevTool\apache-maven-3.5.4\repository\com\google\j2objc\j2objc-annotations\1.1\j2objc-annotations-1.1.jar;F:\MykWork\DevTool\apache-maven-3.5.4\repository\org\codehaus\mojo\animal-sniffer-annotations\1.14\animal-sniffer-annotations-1.14.jar;F:\MykWork\DevTool\apache-maven-3.5.4\repository\redis\clients\jedis\2.7.2\jedis-2.7.2.jar;F:\MykWork\DevTool\apache-maven-3.5.4\repository\org\apache\commons\commons-pool2\2.6.0\commons-pool2-2.6.0.jar;F:\MykWork\DevTool\apache-maven-3.5.4\repository\org\springframework\boot\spring-boot-starter-thymeleaf\2.1.1.RELEASE\spring-boot-starter-thymeleaf-2.1.1.RELEASE.jar;F:\MykWork\DevTool\apache-maven-3.5.4\repository\org\thymeleaf\thymeleaf-spring5\3.0.11.RELEASE\thymeleaf-spring5-3.0.11.RELEASE.jar;F:\MykWork\DevTool\apache-maven-3.5.4\repository\org\thymeleaf\thymeleaf\3.0.11.RELEASE\thymeleaf-3.0.11.RELEASE.jar;F:\MykWork\DevTool\apache-maven-3.5.4\repository\org\attoparser\attoparser\2.0.5.RELEASE\attoparser-2.0.5.RELEASE.jar;F:\MykWork\DevTool\apache-maven-3.5.4\repository\org\unbescape\unbescape\1.1.6.RELEASE\unbescape-1.1.6.RELEASE.jar;F:\MykWork\DevTool\apache-maven-3.5.4\repository\org\thymeleaf\extras\thymeleaf-extras-java8time\3.0.2.RELEASE\thymeleaf-extras-java8time-3.0.2.RELEASE.jar;"/>
    <property name="java.vm.vendor" value="Oracle Corporation"/>
    <property name="sun.arch.data.model" value="64"/>
    <property name="user.variant" value=""/>
    <property name="java.vendor.url" value="http://java.oracle.com/"/>
    <property name="user.timezone" value="Asia/Shanghai"/>
    <property name="java.vm.specification.version" value="1.8"/>
    <property name="os.name" value="Windows 10"/>
    <property name="user.country" value="CN"/>
    <property name="sun.java.launcher" value="SUN_STANDARD"/>
    <property name="sun.boot.library.path" value="C:\Program Files\Java\jdk1.8.0_181\jre\bin"/>
    <property name="sun.java.command" value="C:\Users\Sunset\AppData\Local\Temp\surefire1967965857247511890\surefirebooter5260240563760134522.jar C:\Users\Sunset\AppData\Local\Temp\surefire1967965857247511890 2019-01-15T14-03-22_408-jvmRun1 surefire1568031426677695372tmp surefire_17325309264077732324tmp"/>
    <property name="surefire.test.class.path" value="E:\springboot-dubbo\springboot-dubbo-parent\springboot-dubbo-control\target\test-classes;E:\springboot-dubbo\springboot-dubbo-parent\springboot-dubbo-control\target\classes;E:\springboot-dubbo\springboot-dubbo-parent\springboot-dubbo-core\target\springboot-dubbo-core-0.0.1-SNAPSHOT.jar;F:\MykWork\DevTool\apache-maven-3.5.4\repository\org\springframework\boot\spring-boot-starter-web\2.1.1.RELEASE\spring-boot-starter-web-2.1.1.RELEASE.jar;F:\MykWork\DevTool\apache-maven-3.5.4\repository\org\springframework\boot\spring-boot-starter\2.1.1.RELEASE\spring-boot-starter-2.1.1.RELEASE.jar;F:\MykWork\DevTool\apache-maven-3.5.4\repository\org\springframework\boot\spring-boot-starter-logging\2.1.1.RELEASE\spring-boot-starter-logging-2.1.1.RELEASE.jar;F:\MykWork\DevTool\apache-maven-3.5.4\repository\ch\qos\logback\logback-classic\1.2.3\logback-classic-1.2.3.jar;F:\MykWork\DevTool\apache-maven-3.5.4\repository\ch\qos\logback\logback-core\1.2.3\logback-core-1.2.3.jar;F:\MykWork\DevTool\apache-maven-3.5.4\repository\org\apache\logging\log4j\log4j-to-slf4j\2.11.1\log4j-to-slf4j-2.11.1.jar;F:\MykWork\DevTool\apache-maven-3.5.4\repository\org\apache\logging\log4j\log4j-api\2.11.1\log4j-api-2.11.1.jar;F:\MykWork\DevTool\apache-maven-3.5.4\repository\org\slf4j\jul-to-slf4j\1.7.25\jul-to-slf4j-1.7.25.jar;F:\MykWork\DevTool\apache-maven-3.5.4\repository\javax\annotation\javax.annotation-api\1.3.2\javax.annotation-api-1.3.2.jar;F:\MykWork\DevTool\apache-maven-3.5.4\repository\org\yaml\snakeyaml\1.23\snakeyaml-1.23.jar;F:\MykWork\DevTool\apache-maven-3.5.4\repository\org\springframework\boot\spring-boot-starter-json\2.1.1.RELEASE\spring-boot-starter-json-2.1.1.RELEASE.jar;F:\MykWork\DevTool\apache-maven-3.5.4\repository\com\fasterxml\jackson\core\jackson-databind\2.9.7\jackson-databind-2.9.7.jar;F:\MykWork\DevTool\apache-maven-3.5.4\repository\com\fasterxml\jackson\core\jackson-annotations\2.9.0\jackson-annotations-2.9.0.jar;F:\MykWork\DevTool\apache-maven-3.5.4\repository\com\fasterxml\jackson\core\jackson-core\2.9.7\jackson-core-2.9.7.jar;F:\MykWork\DevTool\apache-maven-3.5.4\repository\com\fasterxml\jackson\datatype\jackson-datatype-jdk8\2.9.7\jackson-datatype-jdk8-2.9.7.jar;F:\MykWork\DevTool\apache-maven-3.5.4\repository\com\fasterxml\jackson\datatype\jackson-datatype-jsr310\2.9.7\jackson-datatype-jsr310-2.9.7.jar;F:\MykWork\DevTool\apache-maven-3.5.4\repository\com\fasterxml\jackson\module\jackson-module-parameter-names\2.9.7\jackson-module-parameter-names-2.9.7.jar;F:\MykWork\DevTool\apache-maven-3.5.4\repository\org\springframework\boot\spring-boot-starter-tomcat\2.1.1.RELEASE\spring-boot-starter-tomcat-2.1.1.RELEASE.jar;F:\MykWork\DevTool\apache-maven-3.5.4\repository\org\apache\tomcat\embed\tomcat-embed-core\9.0.13\tomcat-embed-core-9.0.13.jar;F:\MykWork\DevTool\apache-maven-3.5.4\repository\org\apache\tomcat\embed\tomcat-embed-el\9.0.13\tomcat-embed-el-9.0.13.jar;F:\MykWork\DevTool\apache-maven-3.5.4\repository\org\apache\tomcat\embed\tomcat-embed-websocket\9.0.13\tomcat-embed-websocket-9.0.13.jar;F:\MykWork\DevTool\apache-maven-3.5.4\repository\org\hibernate\validator\hibernate-validator\6.0.13.Final\hibernate-validator-6.0.13.Final.jar;F:\MykWork\DevTool\apache-maven-3.5.4\repository\javax\validation\validation-api\2.0.1.Final\validation-api-2.0.1.Final.jar;F:\MykWork\DevTool\apache-maven-3.5.4\repository\org\jboss\logging\jboss-logging\3.3.2.Final\jboss-logging-3.3.2.Final.jar;F:\MykWork\DevTool\apache-maven-3.5.4\repository\com\fasterxml\classmate\1.4.0\classmate-1.4.0.jar;F:\MykWork\DevTool\apache-maven-3.5.4\repository\org\springframework\spring-web\5.1.3.RELEASE\spring-web-5.1.3.RELEASE.jar;F:\MykWork\DevTool\apache-maven-3.5.4\repository\org\springframework\spring-beans\5.1.3.RELEASE\spring-beans-5.1.3.RELEASE.jar;F:\MykWork\DevTool\apache-maven-3.5.4\repository\org\springframework\spring-webmvc\5.1.3.RELEASE\spring-webmvc-5.1.3.RELEASE.jar;F:\MykWork\DevTool\apache-maven-3.5.4\repository\org\springframework\spring-aop\5.1.3.RELEASE\spring-aop-5.1.3.RELEASE.jar;F:\MykWork\DevTool\apache-maven-3.5.4\repository\org\springframework\spring-context\5.1.3.RELEASE\spring-context-5.1.3.RELEASE.jar;F:\MykWork\DevTool\apache-maven-3.5.4\repository\org\springframework\spring-expression\5.1.3.RELEASE\spring-expression-5.1.3.RELEASE.jar;F:\MykWork\DevTool\apache-maven-3.5.4\repository\org\springframework\boot\spring-boot-starter-test\2.1.1.RELEASE\spring-boot-starter-test-2.1.1.RELEASE.jar;F:\MykWork\DevTool\apache-maven-3.5.4\repository\org\springframework\boot\spring-boot-test\2.1.1.RELEASE\spring-boot-test-2.1.1.RELEASE.jar;F:\MykWork\DevTool\apache-maven-3.5.4\repository\org\springframework\boot\spring-boot-test-autoconfigure\2.1.1.RELEASE\spring-boot-test-autoconfigure-2.1.1.RELEASE.jar;F:\MykWork\DevTool\apache-maven-3.5.4\repository\com\jayway\jsonpath\json-path\2.4.0\json-path-2.4.0.jar;F:\MykWork\DevTool\apache-maven-3.5.4\repository\net\minidev\json-smart\2.3\json-smart-2.3.jar;F:\MykWork\DevTool\apache-maven-3.5.4\repository\net\minidev\accessors-smart\1.2\accessors-smart-1.2.jar;F:\MykWork\DevTool\apache-maven-3.5.4\repository\org\ow2\asm\asm\5.0.4\asm-5.0.4.jar;F:\MykWork\DevTool\apache-maven-3.5.4\repository\org\slf4j\slf4j-api\1.7.25\slf4j-api-1.7.25.jar;F:\MykWork\DevTool\apache-maven-3.5.4\repository\junit\junit\4.12\junit-4.12.jar;F:\MykWork\DevTool\apache-maven-3.5.4\repository\org\assertj\assertj-core\3.11.1\assertj-core-3.11.1.jar;F:\MykWork\DevTool\apache-maven-3.5.4\repository\org\mockito\mockito-core\2.23.4\mockito-core-2.23.4.jar;F:\MykWork\DevTool\apache-maven-3.5.4\repository\net\bytebuddy\byte-buddy\1.9.5\byte-buddy-1.9.5.jar;F:\MykWork\DevTool\apache-maven-3.5.4\repository\net\bytebuddy\byte-buddy-agent\1.9.5\byte-buddy-agent-1.9.5.jar;F:\MykWork\DevTool\apache-maven-3.5.4\repository\org\objenesis\objenesis\2.6\objenesis-2.6.jar;F:\MykWork\DevTool\apache-maven-3.5.4\repository\org\hamcrest\hamcrest-core\1.3\hamcrest-core-1.3.jar;F:\MykWork\DevTool\apache-maven-3.5.4\repository\org\hamcrest\hamcrest-library\1.3\hamcrest-library-1.3.jar;F:\MykWork\DevTool\apache-maven-3.5.4\repository\org\skyscreamer\jsonassert\1.5.0\jsonassert-1.5.0.jar;F:\MykWork\DevTool\apache-maven-3.5.4\repository\com\vaadin\external\google\android-json\0.0.20131108.vaadin1\android-json-0.0.20131108.vaadin1.jar;F:\MykWork\DevTool\apache-maven-3.5.4\repository\org\springframework\spring-core\5.1.3.RELEASE\spring-core-5.1.3.RELEASE.jar;F:\MykWork\DevTool\apache-maven-3.5.4\repository\org\springframework\spring-jcl\5.1.3.RELEASE\spring-jcl-5.1.3.RELEASE.jar;F:\MykWork\DevTool\apache-maven-3.5.4\repository\org\springframework\spring-test\5.1.3.RELEASE\spring-test-5.1.3.RELEASE.jar;F:\MykWork\DevTool\apache-maven-3.5.4\repository\org\xmlunit\xmlunit-core\2.6.2\xmlunit-core-2.6.2.jar;F:\MykWork\DevTool\apache-maven-3.5.4\repository\org\springframework\boot\spring-boot-starter-data-jpa\2.1.1.RELEASE\spring-boot-starter-data-jpa-2.1.1.RELEASE.jar;F:\MykWork\DevTool\apache-maven-3.5.4\repository\org\springframework\boot\spring-boot-starter-aop\2.1.1.RELEASE\spring-boot-starter-aop-2.1.1.RELEASE.jar;F:\MykWork\DevTool\apache-maven-3.5.4\repository\org\aspectj\aspectjweaver\1.9.2\aspectjweaver-1.9.2.jar;F:\MykWork\DevTool\apache-maven-3.5.4\repository\org\springframework\boot\spring-boot-starter-jdbc\2.1.1.RELEASE\spring-boot-starter-jdbc-2.1.1.RELEASE.jar;F:\MykWork\DevTool\apache-maven-3.5.4\repository\com\zaxxer\HikariCP\3.2.0\HikariCP-3.2.0.jar;F:\MykWork\DevTool\apache-maven-3.5.4\repository\org\springframework\spring-jdbc\5.1.3.RELEASE\spring-jdbc-5.1.3.RELEASE.jar;F:\MykWork\DevTool\apache-maven-3.5.4\repository\javax\transaction\javax.transaction-api\1.3\javax.transaction-api-1.3.jar;F:\MykWork\DevTool\apache-maven-3.5.4\repository\javax\xml\bind\jaxb-api\2.3.1\jaxb-api-2.3.1.jar;F:\MykWork\DevTool\apache-maven-3.5.4\repository\javax\activation\javax.activation-api\1.2.0\javax.activation-api-1.2.0.jar;F:\MykWork\DevTool\apache-maven-3.5.4\repository\org\hibernate\hibernate-core\5.3.7.Final\hibernate-core-5.3.7.Final.jar;F:\MykWork\DevTool\apache-maven-3.5.4\repository\javax\persistence\javax.persistence-api\2.2\javax.persistence-api-2.2.jar;F:\MykWork\DevTool\apache-maven-3.5.4\repository\org\javassist\javassist\3.23.1-GA\javassist-3.23.1-GA.jar;F:\MykWork\DevTool\apache-maven-3.5.4\repository\antlr\antlr\2.7.7\antlr-2.7.7.jar;F:\MykWork\DevTool\apache-maven-3.5.4\repository\org\jboss\jandex\2.0.5.Final\jandex-2.0.5.Final.jar;F:\MykWork\DevTool\apache-maven-3.5.4\repository\org\dom4j\dom4j\2.1.1\dom4j-2.1.1.jar;F:\MykWork\DevTool\apache-maven-3.5.4\repository\org\hibernate\common\hibernate-commons-annotations\5.0.4.Final\hibernate-commons-annotations-5.0.4.Final.jar;F:\MykWork\DevTool\apache-maven-3.5.4\repository\org\springframework\data\spring-data-jpa\2.1.3.RELEASE\spring-data-jpa-2.1.3.RELEASE.jar;F:\MykWork\DevTool\apache-maven-3.5.4\repository\org\springframework\data\spring-data-commons\2.1.3.RELEASE\spring-data-commons-2.1.3.RELEASE.jar;F:\MykWork\DevTool\apache-maven-3.5.4\repository\org\springframework\spring-orm\5.1.3.RELEASE\spring-orm-5.1.3.RELEASE.jar;F:\MykWork\DevTool\apache-maven-3.5.4\repository\org\springframework\spring-tx\5.1.3.RELEASE\spring-tx-5.1.3.RELEASE.jar;F:\MykWork\DevTool\apache-maven-3.5.4\repository\org\springframework\spring-aspects\5.1.3.RELEASE\spring-aspects-5.1.3.RELEASE.jar;F:\MykWork\DevTool\apache-maven-3.5.4\repository\mysql\mysql-connector-java\8.0.13\mysql-connector-java-8.0.13.jar;F:\MykWork\DevTool\apache-maven-3.5.4\repository\org\mybatis\spring\boot\mybatis-spring-boot-starter\1.3.2\mybatis-spring-boot-starter-1.3.2.jar;F:\MykWork\DevTool\apache-maven-3.5.4\repository\org\mybatis\spring\boot\mybatis-spring-boot-autoconfigure\1.3.2\mybatis-spring-boot-autoconfigure-1.3.2.jar;F:\MykWork\DevTool\apache-maven-3.5.4\repository\org\mybatis\mybatis\3.4.6\mybatis-3.4.6.jar;F:\MykWork\DevTool\apache-maven-3.5.4\repository\org\mybatis\mybatis-spring\1.3.2\mybatis-spring-1.3.2.jar;F:\MykWork\DevTool\apache-maven-3.5.4\repository\com\github\pagehelper\pagehelper-spring-boot-starter\1.2.5\pagehelper-spring-boot-starter-1.2.5.jar;F:\MykWork\DevTool\apache-maven-3.5.4\repository\com\github\pagehelper\pagehelper-spring-boot-autoconfigure\1.2.5\pagehelper-spring-boot-autoconfigure-1.2.5.jar;F:\MykWork\DevTool\apache-maven-3.5.4\repository\com\github\pagehelper\pagehelper\5.1.4\pagehelper-5.1.4.jar;F:\MykWork\DevTool\apache-maven-3.5.4\repository\com\github\jsqlparser\jsqlparser\1.0\jsqlparser-1.0.jar;F:\MykWork\DevTool\apache-maven-3.5.4\repository\org\springframework\boot\spring-boot-devtools\2.1.1.RELEASE\spring-boot-devtools-2.1.1.RELEASE.jar;F:\MykWork\DevTool\apache-maven-3.5.4\repository\org\springframework\boot\spring-boot\2.1.1.RELEASE\spring-boot-2.1.1.RELEASE.jar;F:\MykWork\DevTool\apache-maven-3.5.4\repository\org\springframework\boot\spring-boot-autoconfigure\2.1.1.RELEASE\spring-boot-autoconfigure-2.1.1.RELEASE.jar;F:\MykWork\DevTool\apache-maven-3.5.4\repository\com\alibaba\druid\1.1.0\druid-1.1.0.jar;C:\Program Files\Java\jdk1.8.0_181\jre\..\lib\jconsole.jar;C:\Program Files\Java\jdk1.8.0_181\jre\..\lib\tools.jar;F:\MykWork\DevTool\apache-maven-3.5.4\repository\com\alibaba\boot\dubbo-spring-boot-starter\0.2.0\dubbo-spring-boot-starter-0.2.0.jar;F:\MykWork\DevTool\apache-maven-3.5.4\repository\com\alibaba\dubbo\2.6.2\dubbo-2.6.2.jar;F:\MykWork\DevTool\apache-maven-3.5.4\repository\org\jboss\netty\netty\3.2.5.Final\netty-3.2.5.Final.jar;F:\MykWork\DevTool\apache-maven-3.5.4\repository\org\apache\zookeeper\zookeeper\3.4.9\zookeeper-3.4.9.jar;F:\MykWork\DevTool\apache-maven-3.5.4\repository\jline\jline\0.9.94\jline-0.9.94.jar;F:\MykWork\DevTool\apache-maven-3.5.4\repository\io\netty\netty\3.10.5.Final\netty-3.10.5.Final.jar;F:\MykWork\DevTool\apache-maven-3.5.4\repository\org\apache\curator\curator-framework\2.12.0\curator-framework-2.12.0.jar;F:\MykWork\DevTool\apache-maven-3.5.4\repository\org\apache\curator\curator-client\2.12.0\curator-client-2.12.0.jar;F:\MykWork\DevTool\apache-maven-3.5.4\repository\com\alibaba\boot\dubbo-spring-boot-autoconfigure\0.2.0\dubbo-spring-boot-autoconfigure-0.2.0.jar;F:\MykWork\DevTool\apache-maven-3.5.4\repository\org\jsoup\jsoup\1.11.3\jsoup-1.11.3.jar;F:\MykWork\DevTool\apache-maven-3.5.4\repository\com\googlecode\juniversalchardet\juniversalchardet\1.0.3\juniversalchardet-1.0.3.jar;F:\MykWork\DevTool\apache-maven-3.5.4\repository\org\apache\httpcomponents\httpclient\4.5.6\httpclient-4.5.6.jar;F:\MykWork\DevTool\apache-maven-3.5.4\repository\org\apache\httpcomponents\httpcore\4.4.10\httpcore-4.4.10.jar;F:\MykWork\DevTool\apache-maven-3.5.4\repository\commons-codec\commons-codec\1.11\commons-codec-1.11.jar;F:\MykWork\DevTool\apache-maven-3.5.4\repository\commons-httpclient\commons-httpclient\3.1\commons-httpclient-3.1.jar;F:\MykWork\DevTool\apache-maven-3.5.4\repository\commons-logging\commons-logging\1.0.4\commons-logging-1.0.4.jar;F:\MykWork\DevTool\apache-maven-3.5.4\repository\com\google\guava\guava\23.0\guava-23.0.jar;F:\MykWork\DevTool\apache-maven-3.5.4\repository\com\google\code\findbugs\jsr305\1.3.9\jsr305-1.3.9.jar;F:\MykWork\DevTool\apache-maven-3.5.4\repository\com\google\errorprone\error_prone_annotations\2.0.18\error_prone_annotations-2.0.18.jar;F:\MykWork\DevTool\apache-maven-3.5.4\repository\com\google\j2objc\j2objc-annotations\1.1\j2objc-annotations-1.1.jar;F:\MykWork\DevTool\apache-maven-3.5.4\repository\org\codehaus\mojo\animal-sniffer-annotations\1.14\animal-sniffer-annotations-1.14.jar;F:\MykWork\DevTool\apache-maven-3.5.4\repository\redis\clients\jedis\2.7.2\jedis-2.7.2.jar;F:\MykWork\DevTool\apache-maven-3.5.4\repository\org\apache\commons\commons-pool2\2.6.0\commons-pool2-2.6.0.jar;F:\MykWork\DevTool\apache-maven-3.5.4\repository\org\springframework\boot\spring-boot-starter-thymeleaf\2.1.1.RELEASE\spring-boot-starter-thymeleaf-2.1.1.RELEASE.jar;F:\MykWork\DevTool\apache-maven-3.5.4\repository\org\thymeleaf\thymeleaf-spring5\3.0.11.RELEASE\thymeleaf-spring5-3.0.11.RELEASE.jar;F:\MykWork\DevTool\apache-maven-3.5.4\repository\org\thymeleaf\thymeleaf\3.0.11.RELEASE\thymeleaf-3.0.11.RELEASE.jar;F:\MykWork\DevTool\apache-maven-3.5.4\repository\org\attoparser\attoparser\2.0.5.RELEASE\attoparser-2.0.5.RELEASE.jar;F:\MykWork\DevTool\apache-maven-3.5.4\repository\org\unbescape\unbescape\1.1.6.RELEASE\unbescape-1.1.6.RELEASE.jar;F:\MykWork\DevTool\apache-maven-3.5.4\repository\org\thymeleaf\extras\thymeleaf-extras-java8time\3.0.2.RELEASE\thymeleaf-extras-java8time-3.0.2.RELEASE.jar;"/>
    <property name="sun.cpu.endian" value="little"/>
    <property name="user.home" value="C:\Users\Sunset"/>
    <property name="user.language" value="zh"/>
    <property name="java.specification.vendor" value="Oracle Corporation"/>
    <property name="java.home" value="C:\Program Files\Java\jdk1.8.0_181\jre"/>
    <property name="basedir" value="E:\springboot-dubbo\springboot-dubbo-parent\springboot-dubbo-control"/>
    <property name="file.separator" value="\"/>
    <property name="line.separator" value="&#10;"/>
    <property name="java.vm.specification.vendor" value="Oracle Corporation"/>
    <property name="java.specification.name" value="Java Platform API Specification"/>
    <property name="java.awt.graphicsenv" value="sun.awt.Win32GraphicsEnvironment"/>
    <property name="surefire.real.class.path" value="C:\Users\Sunset\AppData\Local\Temp\surefire1967965857247511890\surefirebooter5260240563760134522.jar"/>
    <property name="sun.boot.class.path" value="C:\Program Files\Java\jdk1.8.0_181\jre\lib\resources.jar;C:\Program Files\Java\jdk1.8.0_181\jre\lib\rt.jar;C:\Program Files\Java\jdk1.8.0_181\jre\lib\sunrsasign.jar;C:\Program Files\Java\jdk1.8.0_181\jre\lib\jsse.jar;C:\Program Files\Java\jdk1.8.0_181\jre\lib\jce.jar;C:\Program Files\Java\jdk1.8.0_181\jre\lib\charsets.jar;C:\Program Files\Java\jdk1.8.0_181\jre\lib\jfr.jar;C:\Program Files\Java\jdk1.8.0_181\jre\classes"/>
    <property name="user.script" value=""/>
    <property name="sun.management.compiler" value="HotSpot 64-Bit Tiered Compilers"/>
    <property name="java.runtime.version" value="1.8.0_181-b13"/>
    <property name="user.name" value="Sunset"/>
    <property name="path.separator" value=";"/>
    <property name="os.version" value="10.0"/>
    <property name="java.endorsed.dirs" value="C:\Program Files\Java\jdk1.8.0_181\jre\lib\endorsed"/>
    <property name="java.runtime.name" value="Java(TM) SE Runtime Environment"/>
    <property name="file.encoding" value="GBK"/>
    <property name="java.vm.name" value="Java HotSpot(TM) 64-Bit Server VM"/>
    <property name="localRepository" value="F:\MykWork\DevTool\apache-maven-3.5.4\repository"/>
    <property name="java.vendor.url.bug" value="http://bugreport.sun.com/bugreport/"/>
    <property name="java.io.tmpdir" value="C:\Users\Sunset\AppData\Local\Temp\"/>
    <property name="idea.version" value="2018.2.1"/>
    <property name="java.version" value="1.8.0_181"/>
    <property name="user.dir" value="E:\springboot-dubbo\springboot-dubbo-parent\springboot-dubbo-control"/>
    <property name="os.arch" value="amd64"/>
    <property name="java.vm.specification.name" value="Java Virtual Machine Specification"/>
    <property name="java.awt.printerjob" value="sun.awt.windows.WPrinterJob"/>
    <property name="sun.os.patch.level" value=""/>
    <property name="java.library.path" value="C:\Program Files\Java\jdk1.8.0_181\jre\bin;C:\WINDOWS\Sun\Java\bin;C:\WINDOWS\system32;C:\WINDOWS;C:\Program Files\Docker\Docker\Resources\bin;C:\Program Files (x86)\Common Files\Oracle\Java\javapath;C:\WINDOWS\system32;C:\WINDOWS;C:\WINDOWS\System32\Wbem;C:\WINDOWS\System32\WindowsPowerShell\v1.0\;C:\Program Files\Java\jre1.8.0_181\bin;C:\Program Files\Java\jre1.8.0_181\jre\bin;F:\MykWork\Tools\apache-maven-3.5.4\bin;F:\svn\bin;&quot;F:\MykWork\DevTool\apache-maven-3.5.4\bin\;&quot;;C:\WINDOWS\System32\OpenSSH\;E:\Mysql\mysql-5.6.42-winx64\bin;E:\nodejs\;C:\Program Files\Git\cmd;F:\AipSpeech\ffmpeg-20181119-e3a9630-win64-static\bin;E:\Mysql\bin;C:\Users\Sunset\AppData\Local\Microsoft\WindowsApps;C:\Users\Sunset\AppData\Local\Programs\Microsoft VS Code\bin;C:\Users\Sunset\AppData\Roaming\npm;E:\Mysql\bin;;."/>
    <property name="java.vm.info" value="mixed mode"/>
    <property name="java.vendor" value="Oracle Corporation"/>
    <property name="java.vm.version" value="25.181-b13"/>
    <property name="java.ext.dirs" value="C:\Program Files\Java\jdk1.8.0_181\jre\lib\ext;C:\WINDOWS\Sun\Java\lib\ext"/>
    <property name="sun.io.unicode.encoding" value="UnicodeLittle"/>
    <property name="java.class.version" value="52.0"/>
  </properties>
  <testcase name="contextLoads" classname="com.jack.springbootdubbocontrol.SpringbootDubboControlApplicationTests" time="0.066"/>
</testsuite>